<?xml version="1.0" encoding="UTF-8"?>
<!-- Generated by org.testng.reporters.JUnitXMLReporter -->
<testsuite hostname="DESKTOP-BHCQ8U9" ignored="0" name="Test" tests="6" failures="0" timestamp="2020-03-26T17:31:27 EDT" time="0.076" errors="0">
  <testcase name="IOSApps" time="0.007" classname="ezizprojects.MobileTest"/>
  <testcase name="NativeAppAndroid" time="0.001" classname="ezizprojects.MobileTest"/>
  <testcase name="BrowserAutomation" time="0.001" classname="ezizprojects.SeleniumTest"/>
  <testcase name="ElementsUI" time="0.001" classname="ezizprojects.SeleniumTest"/>
  <testcase name="deleteTwitter" time="0.0" classname="ezizprojects.RESTAPITest"/>
  <testcase name="postJira" time="0.001" classname="ezizprojects.RESTAPITest"/>
</testsuite> <!-- Test -->
