<?xml version="1.0" encoding="UTF-8"?>
<testng-results skipped="0" failed="0" ignored="0" total="2" passed="2">
  <reporter-output>
  </reporter-output>
  <suite name="Default suite" duration-ms="63" started-at="2020-04-05T15:01:26 EDT" finished-at="2020-04-05T15:01:26 EDT">
    <groups>
    </groups>
    <test name="Default test" duration-ms="63" started-at="2020-04-05T15:01:26 EDT" finished-at="2020-04-05T15:01:26 EDT">
      <class name="ezizprojects.SeleniumTest">
        <test-method status="PASS" signature="BrowserAutomation()[pri:0, instance:ezizprojects.SeleniumTest@7113b13f]" name="BrowserAutomation" duration-ms="9" started-at="2020-04-05T15:01:26 EDT" finished-at="2020-04-05T15:01:26 EDT">
          <reporter-output>
          </reporter-output>
        </test-method> <!-- BrowserAutomation -->
        <test-method status="PASS" signature="ElementsUI()[pri:0, instance:ezizprojects.SeleniumTest@7113b13f]" name="ElementsUI" duration-ms="2" started-at="2020-04-05T15:01:26 EDT" finished-at="2020-04-05T15:01:26 EDT">
          <reporter-output>
          </reporter-output>
        </test-method> <!-- ElementsUI -->
      </class> <!-- ezizprojects.SeleniumTest -->
    </test> <!-- Default test -->
  </suite> <!-- Default suite -->
</testng-results>
